T-Spice - Tanner SPICE
Version 15.00
Network license
Product Release ID: T-Spice Win32 15.00.20100420.01:51:18
Copyright © 1988-2010 Tanner EDA

	Parsing "SAIDA_QC_FIX.sp"
	Reading library entry "tm" from "Tanner_Files\Libraries\AMSC35_14.3\SPICE_MODELS\ams_C35.md"
	Including "cap\tm\cpoly.md"
	Including "cmos49\tm\modn.md"
	Including "cmos49\tm\modnm.md"
	Including "cmos49\tm\modp.md"
	Including "cmos49\tm\modpm.md"
	Including "cmos49\tm\nd.md"
	Including "cmos49\tm\pd.md"
	Including "res\tm\nwd.md"
	Including "res\tm\rpoly2.md"
	Reading PWL file "corrente_A.txt"
	Reading PWL file "corrente_B.txt"
	Reading PWL file "corrente_C.txt"
	Reading PWL file "corrente_D.txt"
Loaded Bsim3v33 model library, Berkeley BSIM3 v3.3.0
Warning : Model MODN - Unknown model parameter "fc" will be ignored

	Opening simulation database "C:\Users\victo\OneDrive\Área de Trabalho\WFS_2013_simulator\SAIDA_QC_FIX.tsim"

Model Evaluation options:
           tnom = 27 [deg C]

General options:
         search = Tanner_Files\Libraries\AMSC35_14.3\SPICE_MODELS
        threads = 4

Probing options:
         probei = 1                    probeq = 1                    probev = 1



 Device and node counts:
            MOSFETs - 36                MOSFET geometries - 3       
               BJTs - 0                             JFETs - 0       
            MESFETs - 0                            Diodes - 32      
         Capacitors - 4                         Resistors - 8       
          Inductors - 0                  Mutual inductors - 0       
 Transmission lines - 0        Coupled transmission lines - 0       
    Voltage sources - 3                   Current sources - 4       
               VCVS - 0                              VCCS - 0       
               CCVS - 0                              CCCS - 0       
   V-control switch - 0                  I-control switch - 0       
      Macro devices - 0                 Verilog-A devices - 0       
        Subcircuits - 0              Subcircuit instances - 41      
  Model Definitions - 7                   Computed Models - 5       
  Independent nodes - 102                  Boundary nodes - 4       
        Total nodes - 106     

*** 1 WARNING MESSAGE GENERATED DURING SETUP



Parsing                      0.10 seconds
Setup                        0.25 seconds
DC operating point           0.01 seconds
Transient Analysis           2.19 seconds
Overhead                     0.17 seconds
-----------------------------------------
Total                        2.73 seconds

Simulation completed	with  1 Warning
